06-Oct-2022 10:33:47.093 INFO [main] org.apache.catalina.startup.VersionLoggerListener.log Server version name:   Apache Tomcat/10.0.26
06-Oct-2022 10:33:47.102 INFO [main] org.apache.catalina.startup.VersionLoggerListener.log Server built:          Sep 23 2022 10:25:44 UTC
06-Oct-2022 10:33:47.103 INFO [main] org.apache.catalina.startup.VersionLoggerListener.log Server version number: 10.0.26.0
06-Oct-2022 10:33:47.104 INFO [main] org.apache.catalina.startup.VersionLoggerListener.log OS Name:               Windows 10
06-Oct-2022 10:33:47.104 INFO [main] org.apache.catalina.startup.VersionLoggerListener.log OS Version:            10.0
06-Oct-2022 10:33:47.105 INFO [main] org.apache.catalina.startup.VersionLoggerListener.log Architecture:          amd64
06-Oct-2022 10:33:47.105 INFO [main] org.apache.catalina.startup.VersionLoggerListener.log Java Home:             C:\Program Files\Eclipse Adoptium\jdk-17.0.4.101-hotspot
06-Oct-2022 10:33:47.105 INFO [main] org.apache.catalina.startup.VersionLoggerListener.log JVM Version:           17.0.4.1+1
06-Oct-2022 10:33:47.106 INFO [main] org.apache.catalina.startup.VersionLoggerListener.log JVM Vendor:            Eclipse Adoptium
06-Oct-2022 10:33:47.106 INFO [main] org.apache.catalina.startup.VersionLoggerListener.log CATALINA_BASE:         C:\MPeterson\OneDrive - Universidade de Aveiro\5º Sem\IES\Prático\lab2\lab2_1\apache-tomcat-10.0.26
06-Oct-2022 10:33:47.106 INFO [main] org.apache.catalina.startup.VersionLoggerListener.log CATALINA_HOME:         C:\MPeterson\OneDrive - Universidade de Aveiro\5º Sem\IES\Prático\lab2\lab2_1\apache-tomcat-10.0.26
06-Oct-2022 10:33:47.132 INFO [main] org.apache.catalina.startup.VersionLoggerListener.log Command line argument: --add-opens=java.base/java.lang=ALL-UNNAMED
06-Oct-2022 10:33:47.133 INFO [main] org.apache.catalina.startup.VersionLoggerListener.log Command line argument: --add-opens=java.base/java.io=ALL-UNNAMED
06-Oct-2022 10:33:47.133 INFO [main] org.apache.catalina.startup.VersionLoggerListener.log Command line argument: --add-opens=java.base/java.util=ALL-UNNAMED
06-Oct-2022 10:33:47.133 INFO [main] org.apache.catalina.startup.VersionLoggerListener.log Command line argument: --add-opens=java.base/java.util.concurrent=ALL-UNNAMED
06-Oct-2022 10:33:47.134 INFO [main] org.apache.catalina.startup.VersionLoggerListener.log Command line argument: --add-opens=java.rmi/sun.rmi.transport=ALL-UNNAMED
06-Oct-2022 10:33:47.135 INFO [main] org.apache.catalina.startup.VersionLoggerListener.log Command line argument: -Djava.util.logging.config.file=C:\MPeterson\OneDrive - Universidade de Aveiro\5º Sem\IES\Prático\lab2\lab2_1\apache-tomcat-10.0.26\conf\logging.properties
06-Oct-2022 10:33:47.135 INFO [main] org.apache.catalina.startup.VersionLoggerListener.log Command line argument: -Djava.util.logging.manager=org.apache.juli.ClassLoaderLogManager
06-Oct-2022 10:33:47.136 INFO [main] org.apache.catalina.startup.VersionLoggerListener.log Command line argument: -Djdk.tls.ephemeralDHKeySize=2048
06-Oct-2022 10:33:47.137 INFO [main] org.apache.catalina.startup.VersionLoggerListener.log Command line argument: -Djava.protocol.handler.pkgs=org.apache.catalina.webresources
06-Oct-2022 10:33:47.138 INFO [main] org.apache.catalina.startup.VersionLoggerListener.log Command line argument: -Dignore.endorsed.dirs=
06-Oct-2022 10:33:47.139 INFO [main] org.apache.catalina.startup.VersionLoggerListener.log Command line argument: -Dcatalina.base=C:\MPeterson\OneDrive - Universidade de Aveiro\5º Sem\IES\Prático\lab2\lab2_1\apache-tomcat-10.0.26
06-Oct-2022 10:33:47.143 INFO [main] org.apache.catalina.startup.VersionLoggerListener.log Command line argument: -Dcatalina.home=C:\MPeterson\OneDrive - Universidade de Aveiro\5º Sem\IES\Prático\lab2\lab2_1\apache-tomcat-10.0.26
06-Oct-2022 10:33:47.144 INFO [main] org.apache.catalina.startup.VersionLoggerListener.log Command line argument: -Djava.io.tmpdir=C:\MPeterson\OneDrive - Universidade de Aveiro\5º Sem\IES\Prático\lab2\lab2_1\apache-tomcat-10.0.26\temp
06-Oct-2022 10:33:47.160 INFO [main] org.apache.catalina.core.AprLifecycleListener.lifecycleEvent The Apache Tomcat Native library which allows using OpenSSL was not found on the java.library.path: [C:\Program Files\Eclipse Adoptium\jdk-17.0.4.101-hotspot\bin;C:\Windows\Sun\Java\bin;C:\Windows\system32;C:\Windows;C:\Program Files\Eclipse Adoptium\jdk-17.0.4.101-hotspot\bin;C:\Windows\system32;C:\Windows;C:\Windows\System32\Wbem;C:\Windows\System32\WindowsPowerShell\v1.0\;C:\Windows\System32\OpenSSH\;C:\Program Files\NVIDIA Corporation\NVIDIA NvDLISR;C:\Program Files (x86)\NVIDIA Corporation\PhysX\Common;C:\Program Files\Git\cmd;C:\Program Files (x86)\Microsoft SQL Server\150\DTS\Binn\;C:\Program Files\Azure Data Studio\bin;C:\Program Files\Microsoft SQL Server\Client SDK\ODBC\170\Tools\Binn\;C:\Program Files (x86)\Microsoft SQL Server\150\Tools\Binn\;C:\Program Files\Microsoft SQL Server\150\Tools\Binn\;C:\Program Files\Microsoft SQL Server\150\DTS\Binn\;C:\Program Files\dotnet\;C:\ProgramData\chocolatey\bin;C:\Program Files (x86)\NoteBook FanControl\;C:\Program Files\nodejs\;C:\Program Files (x86)\Maven\apache-maven-3.8.6\bin\;;C:\Program Files\Docker\Docker\resources\bin;C:\ProgramData\DockerDesktop\version-bin;C:\Program Files (x86)\dotnet\;C:\Users\Peterson Neves Filho\AppData\Local\Microsoft\WindowsApps;C:\Users\Peterson Neves Filho\AppData\Local\Programs\Microsoft VS Code\bin;C:\MinGW\bin;C:\Users\Peterson Neves Filho\AppData\Local\GitHubDesktop\bin;C:\Program Files\Azure Data Studio\bin;C:\Users\Peterson Neves Filho\.dotnet\tools;C:\Users\Peterson Neves Filho\AppData\Roaming\npm;.]
06-Oct-2022 10:33:47.652 INFO [main] org.apache.coyote.AbstractProtocol.init Initializing ProtocolHandler ["http-nio-8080"]
06-Oct-2022 10:33:47.710 INFO [main] org.apache.catalina.startup.Catalina.load Server initialization in [955] milliseconds
06-Oct-2022 10:33:47.794 INFO [main] org.apache.catalina.core.StandardService.startInternal Starting service [Catalina]
06-Oct-2022 10:33:47.794 INFO [main] org.apache.catalina.core.StandardEngine.startInternal Starting Servlet engine: [Apache Tomcat/10.0.26]
06-Oct-2022 10:33:47.817 INFO [main] org.apache.catalina.startup.HostConfig.deployDirectory Deploying web application directory [C:\MPeterson\OneDrive - Universidade de Aveiro\5º Sem\IES\Prático\lab2\lab2_1\apache-tomcat-10.0.26\webapps\docs]
06-Oct-2022 10:33:48.463 INFO [main] org.apache.catalina.startup.HostConfig.deployDirectory Deployment of web application directory [C:\MPeterson\OneDrive - Universidade de Aveiro\5º Sem\IES\Prático\lab2\lab2_1\apache-tomcat-10.0.26\webapps\docs] has finished in [645] ms
06-Oct-2022 10:33:48.464 INFO [main] org.apache.catalina.startup.HostConfig.deployDirectory Deploying web application directory [C:\MPeterson\OneDrive - Universidade de Aveiro\5º Sem\IES\Prático\lab2\lab2_1\apache-tomcat-10.0.26\webapps\examples]
06-Oct-2022 10:33:49.313 INFO [main] org.apache.catalina.startup.HostConfig.deployDirectory Deployment of web application directory [C:\MPeterson\OneDrive - Universidade de Aveiro\5º Sem\IES\Prático\lab2\lab2_1\apache-tomcat-10.0.26\webapps\examples] has finished in [848] ms
06-Oct-2022 10:33:49.314 INFO [main] org.apache.catalina.startup.HostConfig.deployDirectory Deploying web application directory [C:\MPeterson\OneDrive - Universidade de Aveiro\5º Sem\IES\Prático\lab2\lab2_1\apache-tomcat-10.0.26\webapps\host-manager]
06-Oct-2022 10:33:49.400 INFO [main] org.apache.catalina.startup.HostConfig.deployDirectory Deployment of web application directory [C:\MPeterson\OneDrive - Universidade de Aveiro\5º Sem\IES\Prático\lab2\lab2_1\apache-tomcat-10.0.26\webapps\host-manager] has finished in [87] ms
06-Oct-2022 10:33:49.401 INFO [main] org.apache.catalina.startup.HostConfig.deployDirectory Deploying web application directory [C:\MPeterson\OneDrive - Universidade de Aveiro\5º Sem\IES\Prático\lab2\lab2_1\apache-tomcat-10.0.26\webapps\manager]
06-Oct-2022 10:33:49.494 INFO [main] org.apache.catalina.startup.HostConfig.deployDirectory Deployment of web application directory [C:\MPeterson\OneDrive - Universidade de Aveiro\5º Sem\IES\Prático\lab2\lab2_1\apache-tomcat-10.0.26\webapps\manager] has finished in [92] ms
06-Oct-2022 10:33:49.494 INFO [main] org.apache.catalina.startup.HostConfig.deployDirectory Deploying web application directory [C:\MPeterson\OneDrive - Universidade de Aveiro\5º Sem\IES\Prático\lab2\lab2_1\apache-tomcat-10.0.26\webapps\ROOT]
06-Oct-2022 10:33:49.553 INFO [main] org.apache.catalina.startup.HostConfig.deployDirectory Deployment of web application directory [C:\MPeterson\OneDrive - Universidade de Aveiro\5º Sem\IES\Prático\lab2\lab2_1\apache-tomcat-10.0.26\webapps\ROOT] has finished in [59] ms
06-Oct-2022 10:33:49.559 INFO [main] org.apache.coyote.AbstractProtocol.start Starting ProtocolHandler ["http-nio-8080"]
06-Oct-2022 10:33:49.650 INFO [main] org.apache.catalina.startup.Catalina.start Server startup in [1939] milliseconds
06-Oct-2022 10:45:06.259 INFO [main] org.apache.catalina.startup.VersionLoggerListener.log Server version name:   Apache Tomcat/10.0.26
06-Oct-2022 10:45:06.267 INFO [main] org.apache.catalina.startup.VersionLoggerListener.log Server built:          Sep 23 2022 10:25:44 UTC
06-Oct-2022 10:45:06.268 INFO [main] org.apache.catalina.startup.VersionLoggerListener.log Server version number: 10.0.26.0
06-Oct-2022 10:45:06.268 INFO [main] org.apache.catalina.startup.VersionLoggerListener.log OS Name:               Windows 10
06-Oct-2022 10:45:06.268 INFO [main] org.apache.catalina.startup.VersionLoggerListener.log OS Version:            10.0
06-Oct-2022 10:45:06.269 INFO [main] org.apache.catalina.startup.VersionLoggerListener.log Architecture:          amd64
06-Oct-2022 10:45:06.269 INFO [main] org.apache.catalina.startup.VersionLoggerListener.log Java Home:             C:\Program Files\Eclipse Adoptium\jdk-17.0.4.101-hotspot
06-Oct-2022 10:45:06.269 INFO [main] org.apache.catalina.startup.VersionLoggerListener.log JVM Version:           17.0.4.1+1
06-Oct-2022 10:45:06.270 INFO [main] org.apache.catalina.startup.VersionLoggerListener.log JVM Vendor:            Eclipse Adoptium
06-Oct-2022 10:45:06.270 INFO [main] org.apache.catalina.startup.VersionLoggerListener.log CATALINA_BASE:         C:\MPeterson\OneDrive - Universidade de Aveiro\5º Sem\IES\Prático\lab2\lab2_1\apache-tomcat-10.0.26
06-Oct-2022 10:45:06.271 INFO [main] org.apache.catalina.startup.VersionLoggerListener.log CATALINA_HOME:         C:\MPeterson\OneDrive - Universidade de Aveiro\5º Sem\IES\Prático\lab2\lab2_1\apache-tomcat-10.0.26
06-Oct-2022 10:45:06.289 INFO [main] org.apache.catalina.startup.VersionLoggerListener.log Command line argument: --add-opens=java.base/java.lang=ALL-UNNAMED
06-Oct-2022 10:45:06.290 INFO [main] org.apache.catalina.startup.VersionLoggerListener.log Command line argument: --add-opens=java.base/java.io=ALL-UNNAMED
06-Oct-2022 10:45:06.291 INFO [main] org.apache.catalina.startup.VersionLoggerListener.log Command line argument: --add-opens=java.base/java.util=ALL-UNNAMED
06-Oct-2022 10:45:06.291 INFO [main] org.apache.catalina.startup.VersionLoggerListener.log Command line argument: --add-opens=java.base/java.util.concurrent=ALL-UNNAMED
06-Oct-2022 10:45:06.291 INFO [main] org.apache.catalina.startup.VersionLoggerListener.log Command line argument: --add-opens=java.rmi/sun.rmi.transport=ALL-UNNAMED
06-Oct-2022 10:45:06.292 INFO [main] org.apache.catalina.startup.VersionLoggerListener.log Command line argument: -Djava.util.logging.config.file=C:\MPeterson\OneDrive - Universidade de Aveiro\5º Sem\IES\Prático\lab2\lab2_1\apache-tomcat-10.0.26\conf\logging.properties
06-Oct-2022 10:45:06.294 INFO [main] org.apache.catalina.startup.VersionLoggerListener.log Command line argument: -Djava.util.logging.manager=org.apache.juli.ClassLoaderLogManager
06-Oct-2022 10:45:06.297 INFO [main] org.apache.catalina.startup.VersionLoggerListener.log Command line argument: -Djdk.tls.ephemeralDHKeySize=2048
06-Oct-2022 10:45:06.298 INFO [main] org.apache.catalina.startup.VersionLoggerListener.log Command line argument: -Djava.protocol.handler.pkgs=org.apache.catalina.webresources
06-Oct-2022 10:45:06.299 INFO [main] org.apache.catalina.startup.VersionLoggerListener.log Command line argument: -Dignore.endorsed.dirs=
06-Oct-2022 10:45:06.300 INFO [main] org.apache.catalina.startup.VersionLoggerListener.log Command line argument: -Dcatalina.base=C:\MPeterson\OneDrive - Universidade de Aveiro\5º Sem\IES\Prático\lab2\lab2_1\apache-tomcat-10.0.26
06-Oct-2022 10:45:06.301 INFO [main] org.apache.catalina.startup.VersionLoggerListener.log Command line argument: -Dcatalina.home=C:\MPeterson\OneDrive - Universidade de Aveiro\5º Sem\IES\Prático\lab2\lab2_1\apache-tomcat-10.0.26
06-Oct-2022 10:45:06.302 INFO [main] org.apache.catalina.startup.VersionLoggerListener.log Command line argument: -Djava.io.tmpdir=C:\MPeterson\OneDrive - Universidade de Aveiro\5º Sem\IES\Prático\lab2\lab2_1\apache-tomcat-10.0.26\temp
06-Oct-2022 10:45:06.317 INFO [main] org.apache.catalina.core.AprLifecycleListener.lifecycleEvent The Apache Tomcat Native library which allows using OpenSSL was not found on the java.library.path: [C:\Program Files\Eclipse Adoptium\jdk-17.0.4.101-hotspot\bin;C:\Windows\Sun\Java\bin;C:\Windows\system32;C:\Windows;C:\Program Files\Eclipse Adoptium\jdk-17.0.4.101-hotspot\bin;C:\Windows\system32;C:\Windows;C:\Windows\System32\Wbem;C:\Windows\System32\WindowsPowerShell\v1.0\;C:\Windows\System32\OpenSSH\;C:\Program Files\NVIDIA Corporation\NVIDIA NvDLISR;C:\Program Files (x86)\NVIDIA Corporation\PhysX\Common;C:\Program Files\Git\cmd;C:\Program Files (x86)\Microsoft SQL Server\150\DTS\Binn\;C:\Program Files\Azure Data Studio\bin;C:\Program Files\Microsoft SQL Server\Client SDK\ODBC\170\Tools\Binn\;C:\Program Files (x86)\Microsoft SQL Server\150\Tools\Binn\;C:\Program Files\Microsoft SQL Server\150\Tools\Binn\;C:\Program Files\Microsoft SQL Server\150\DTS\Binn\;C:\Program Files\dotnet\;C:\ProgramData\chocolatey\bin;C:\Program Files (x86)\NoteBook FanControl\;C:\Program Files\nodejs\;C:\Program Files (x86)\Maven\apache-maven-3.8.6\bin\;;C:\Program Files\Docker\Docker\resources\bin;C:\ProgramData\DockerDesktop\version-bin;C:\Program Files (x86)\dotnet\;C:\Users\Peterson Neves Filho\AppData\Local\Microsoft\WindowsApps;C:\Users\Peterson Neves Filho\AppData\Local\Programs\Microsoft VS Code\bin;C:\MinGW\bin;C:\Users\Peterson Neves Filho\AppData\Local\GitHubDesktop\bin;C:\Program Files\Azure Data Studio\bin;C:\Users\Peterson Neves Filho\.dotnet\tools;C:\Users\Peterson Neves Filho\AppData\Roaming\npm;.]
06-Oct-2022 10:45:06.746 INFO [main] org.apache.coyote.AbstractProtocol.init Initializing ProtocolHandler ["http-nio-8080"]
06-Oct-2022 10:45:06.789 INFO [main] org.apache.catalina.startup.Catalina.load Server initialization in [847] milliseconds
06-Oct-2022 10:45:06.865 INFO [main] org.apache.catalina.core.StandardService.startInternal Starting service [Catalina]
06-Oct-2022 10:45:06.866 INFO [main] org.apache.catalina.core.StandardEngine.startInternal Starting Servlet engine: [Apache Tomcat/10.0.26]
06-Oct-2022 10:45:06.883 INFO [main] org.apache.catalina.startup.HostConfig.deployDirectory Deploying web application directory [C:\MPeterson\OneDrive - Universidade de Aveiro\5º Sem\IES\Prático\lab2\lab2_1\apache-tomcat-10.0.26\webapps\docs]
06-Oct-2022 10:45:07.401 INFO [main] org.apache.catalina.startup.HostConfig.deployDirectory Deployment of web application directory [C:\MPeterson\OneDrive - Universidade de Aveiro\5º Sem\IES\Prático\lab2\lab2_1\apache-tomcat-10.0.26\webapps\docs] has finished in [517] ms
06-Oct-2022 10:45:07.402 INFO [main] org.apache.catalina.startup.HostConfig.deployDirectory Deploying web application directory [C:\MPeterson\OneDrive - Universidade de Aveiro\5º Sem\IES\Prático\lab2\lab2_1\apache-tomcat-10.0.26\webapps\examples]
06-Oct-2022 10:45:08.206 INFO [main] org.apache.catalina.startup.HostConfig.deployDirectory Deployment of web application directory [C:\MPeterson\OneDrive - Universidade de Aveiro\5º Sem\IES\Prático\lab2\lab2_1\apache-tomcat-10.0.26\webapps\examples] has finished in [804] ms
06-Oct-2022 10:45:08.207 INFO [main] org.apache.catalina.startup.HostConfig.deployDirectory Deploying web application directory [C:\MPeterson\OneDrive - Universidade de Aveiro\5º Sem\IES\Prático\lab2\lab2_1\apache-tomcat-10.0.26\webapps\host-manager]
06-Oct-2022 10:45:08.298 INFO [main] org.apache.catalina.startup.HostConfig.deployDirectory Deployment of web application directory [C:\MPeterson\OneDrive - Universidade de Aveiro\5º Sem\IES\Prático\lab2\lab2_1\apache-tomcat-10.0.26\webapps\host-manager] has finished in [92] ms
06-Oct-2022 10:45:08.299 INFO [main] org.apache.catalina.startup.HostConfig.deployDirectory Deploying web application directory [C:\MPeterson\OneDrive - Universidade de Aveiro\5º Sem\IES\Prático\lab2\lab2_1\apache-tomcat-10.0.26\webapps\manager]
06-Oct-2022 10:45:08.397 INFO [main] org.apache.catalina.startup.HostConfig.deployDirectory Deployment of web application directory [C:\MPeterson\OneDrive - Universidade de Aveiro\5º Sem\IES\Prático\lab2\lab2_1\apache-tomcat-10.0.26\webapps\manager] has finished in [97] ms
06-Oct-2022 10:45:08.397 INFO [main] org.apache.catalina.startup.HostConfig.deployDirectory Deploying web application directory [C:\MPeterson\OneDrive - Universidade de Aveiro\5º Sem\IES\Prático\lab2\lab2_1\apache-tomcat-10.0.26\webapps\ROOT]
06-Oct-2022 10:45:08.449 INFO [main] org.apache.catalina.startup.HostConfig.deployDirectory Deployment of web application directory [C:\MPeterson\OneDrive - Universidade de Aveiro\5º Sem\IES\Prático\lab2\lab2_1\apache-tomcat-10.0.26\webapps\ROOT] has finished in [52] ms
06-Oct-2022 10:45:08.454 INFO [main] org.apache.coyote.AbstractProtocol.start Starting ProtocolHandler ["http-nio-8080"]
06-Oct-2022 10:45:08.547 INFO [main] org.apache.catalina.startup.Catalina.start Server startup in [1757] milliseconds
06-Oct-2022 10:46:08.532 INFO [Catalina-utility-2] org.apache.catalina.users.MemoryUserDatabase.backgroundProcess Reloading memory user database [UserDatabase] from updated source [file:/C:/MPeterson/OneDrive%20-%20Universidade%20de%20Aveiro/5º%20Sem/IES/Prático/lab2/lab2_1/apache-tomcat-10.0.26/conf/tomcat-users.xml]
06-Oct-2022 10:46:08.542 SEVERE [Catalina-utility-2] org.apache.tomcat.util.digester.Digester.fatalError Parse fatal error at line [22] column [14]
	org.xml.sax.SAXParseException; lineNumber: 22; columnNumber: 14; Element type "rolerolename" must be followed by either attribute specifications, ">" or "/>".
		at java.xml/com.sun.org.apache.xerces.internal.util.ErrorHandlerWrapper.createSAXParseException(ErrorHandlerWrapper.java:204)
		at java.xml/com.sun.org.apache.xerces.internal.util.ErrorHandlerWrapper.fatalError(ErrorHandlerWrapper.java:178)
		at java.xml/com.sun.org.apache.xerces.internal.impl.XMLErrorReporter.reportError(XMLErrorReporter.java:400)
		at java.xml/com.sun.org.apache.xerces.internal.impl.XMLErrorReporter.reportError(XMLErrorReporter.java:327)
		at java.xml/com.sun.org.apache.xerces.internal.impl.XMLScanner.reportFatalError(XMLScanner.java:1465)
		at java.xml/com.sun.org.apache.xerces.internal.impl.XMLDocumentFragmentScannerImpl.seekCloseOfStartTag(XMLDocumentFragmentScannerImpl.java:1443)
		at java.xml/com.sun.org.apache.xerces.internal.impl.XMLDocumentFragmentScannerImpl.scanStartElement(XMLDocumentFragmentScannerImpl.java:1357)
		at java.xml/com.sun.org.apache.xerces.internal.impl.XMLDocumentFragmentScannerImpl$FragmentContentDriver.next(XMLDocumentFragmentScannerImpl.java:2726)
		at java.xml/com.sun.org.apache.xerces.internal.impl.XMLDocumentScannerImpl.next(XMLDocumentScannerImpl.java:605)
		at java.xml/com.sun.org.apache.xerces.internal.impl.XMLDocumentFragmentScannerImpl.scanDocument(XMLDocumentFragmentScannerImpl.java:542)
		at java.xml/com.sun.org.apache.xerces.internal.parsers.XML11Configuration.parse(XML11Configuration.java:889)
		at java.xml/com.sun.org.apache.xerces.internal.parsers.XML11Configuration.parse(XML11Configuration.java:825)
		at java.xml/com.sun.org.apache.xerces.internal.parsers.XMLParser.parse(XMLParser.java:141)
		at java.xml/com.sun.org.apache.xerces.internal.parsers.AbstractSAXParser.parse(AbstractSAXParser.java:1224)
		at java.xml/com.sun.org.apache.xerces.internal.jaxp.SAXParserImpl$JAXPSAXParser.parse(SAXParserImpl.java:637)
		at org.apache.tomcat.util.digester.Digester.parse(Digester.java:1539)
		at org.apache.catalina.users.MemoryUserDatabase.open(MemoryUserDatabase.java:447)
		at org.apache.catalina.users.MemoryUserDatabase.backgroundProcess(MemoryUserDatabase.java:741)
		at org.apache.catalina.realm.UserDatabaseRealm.backgroundProcess(UserDatabaseRealm.java:146)
		at org.apache.catalina.realm.CombinedRealm.backgroundProcess(CombinedRealm.java:301)
		at org.apache.catalina.core.ContainerBase.backgroundProcess(ContainerBase.java:1148)
		at org.apache.catalina.core.ContainerBase$ContainerBackgroundProcessor.processChildren(ContainerBase.java:1365)
		at org.apache.catalina.core.ContainerBase$ContainerBackgroundProcessor.run(ContainerBase.java:1347)
		at java.base/java.util.concurrent.Executors$RunnableAdapter.call(Executors.java:539)
		at java.base/java.util.concurrent.FutureTask.runAndReset(FutureTask.java:305)
		at java.base/java.util.concurrent.ScheduledThreadPoolExecutor$ScheduledFutureTask.run(ScheduledThreadPoolExecutor.java:305)
		at java.base/java.util.concurrent.ThreadPoolExecutor.runWorker(ThreadPoolExecutor.java:1136)
		at java.base/java.util.concurrent.ThreadPoolExecutor$Worker.run(ThreadPoolExecutor.java:635)
		at org.apache.tomcat.util.threads.TaskThread$WrappingRunnable.run(TaskThread.java:61)
		at java.base/java.lang.Thread.run(Thread.java:833)
06-Oct-2022 10:46:08.545 SEVERE [Catalina-utility-2] org.apache.catalina.users.MemoryUserDatabase.backgroundProcess Error reloading memory user database [UserDatabase] from updated source [file:/C:/MPeterson/OneDrive%20-%20Universidade%20de%20Aveiro/5º%20Sem/IES/Prático/lab2/lab2_1/apache-tomcat-10.0.26/conf/tomcat-users.xml]
	org.xml.sax.SAXParseException; lineNumber: 22; columnNumber: 14; Element type "rolerolename" must be followed by either attribute specifications, ">" or "/>".
		at java.xml/com.sun.org.apache.xerces.internal.parsers.AbstractSAXParser.parse(AbstractSAXParser.java:1251)
		at java.xml/com.sun.org.apache.xerces.internal.jaxp.SAXParserImpl$JAXPSAXParser.parse(SAXParserImpl.java:637)
		at org.apache.tomcat.util.digester.Digester.parse(Digester.java:1539)
		at org.apache.catalina.users.MemoryUserDatabase.open(MemoryUserDatabase.java:447)
		at org.apache.catalina.users.MemoryUserDatabase.backgroundProcess(MemoryUserDatabase.java:741)
		at org.apache.catalina.realm.UserDatabaseRealm.backgroundProcess(UserDatabaseRealm.java:146)
		at org.apache.catalina.realm.CombinedRealm.backgroundProcess(CombinedRealm.java:301)
		at org.apache.catalina.core.ContainerBase.backgroundProcess(ContainerBase.java:1148)
		at org.apache.catalina.core.ContainerBase$ContainerBackgroundProcessor.processChildren(ContainerBase.java:1365)
		at org.apache.catalina.core.ContainerBase$ContainerBackgroundProcessor.run(ContainerBase.java:1347)
		at java.base/java.util.concurrent.Executors$RunnableAdapter.call(Executors.java:539)
		at java.base/java.util.concurrent.FutureTask.runAndReset(FutureTask.java:305)
		at java.base/java.util.concurrent.ScheduledThreadPoolExecutor$ScheduledFutureTask.run(ScheduledThreadPoolExecutor.java:305)
		at java.base/java.util.concurrent.ThreadPoolExecutor.runWorker(ThreadPoolExecutor.java:1136)
		at java.base/java.util.concurrent.ThreadPoolExecutor$Worker.run(ThreadPoolExecutor.java:635)
		at org.apache.tomcat.util.threads.TaskThread$WrappingRunnable.run(TaskThread.java:61)
		at java.base/java.lang.Thread.run(Thread.java:833)
06-Oct-2022 10:46:13.166 INFO [main] org.apache.catalina.startup.VersionLoggerListener.log Server version name:   Apache Tomcat/10.0.26
06-Oct-2022 10:46:13.172 INFO [main] org.apache.catalina.startup.VersionLoggerListener.log Server built:          Sep 23 2022 10:25:44 UTC
06-Oct-2022 10:46:13.172 INFO [main] org.apache.catalina.startup.VersionLoggerListener.log Server version number: 10.0.26.0
06-Oct-2022 10:46:13.173 INFO [main] org.apache.catalina.startup.VersionLoggerListener.log OS Name:               Windows 10
06-Oct-2022 10:46:13.173 INFO [main] org.apache.catalina.startup.VersionLoggerListener.log OS Version:            10.0
06-Oct-2022 10:46:13.173 INFO [main] org.apache.catalina.startup.VersionLoggerListener.log Architecture:          amd64
06-Oct-2022 10:46:13.173 INFO [main] org.apache.catalina.startup.VersionLoggerListener.log Java Home:             C:\Program Files\Eclipse Adoptium\jdk-17.0.4.101-hotspot
06-Oct-2022 10:46:13.174 INFO [main] org.apache.catalina.startup.VersionLoggerListener.log JVM Version:           17.0.4.1+1
06-Oct-2022 10:46:13.174 INFO [main] org.apache.catalina.startup.VersionLoggerListener.log JVM Vendor:            Eclipse Adoptium
06-Oct-2022 10:46:13.174 INFO [main] org.apache.catalina.startup.VersionLoggerListener.log CATALINA_BASE:         C:\MPeterson\OneDrive - Universidade de Aveiro\5º Sem\IES\Prático\lab2\lab2_1\apache-tomcat-10.0.26
06-Oct-2022 10:46:13.175 INFO [main] org.apache.catalina.startup.VersionLoggerListener.log CATALINA_HOME:         C:\MPeterson\OneDrive - Universidade de Aveiro\5º Sem\IES\Prático\lab2\lab2_1\apache-tomcat-10.0.26
06-Oct-2022 10:46:13.191 INFO [main] org.apache.catalina.startup.VersionLoggerListener.log Command line argument: --add-opens=java.base/java.lang=ALL-UNNAMED
06-Oct-2022 10:46:13.192 INFO [main] org.apache.catalina.startup.VersionLoggerListener.log Command line argument: --add-opens=java.base/java.io=ALL-UNNAMED
06-Oct-2022 10:46:13.192 INFO [main] org.apache.catalina.startup.VersionLoggerListener.log Command line argument: --add-opens=java.base/java.util=ALL-UNNAMED
06-Oct-2022 10:46:13.192 INFO [main] org.apache.catalina.startup.VersionLoggerListener.log Command line argument: --add-opens=java.base/java.util.concurrent=ALL-UNNAMED
06-Oct-2022 10:46:13.193 INFO [main] org.apache.catalina.startup.VersionLoggerListener.log Command line argument: --add-opens=java.rmi/sun.rmi.transport=ALL-UNNAMED
06-Oct-2022 10:46:13.196 INFO [main] org.apache.catalina.startup.VersionLoggerListener.log Command line argument: -Djava.util.logging.config.file=C:\MPeterson\OneDrive - Universidade de Aveiro\5º Sem\IES\Prático\lab2\lab2_1\apache-tomcat-10.0.26\conf\logging.properties
06-Oct-2022 10:46:13.198 INFO [main] org.apache.catalina.startup.VersionLoggerListener.log Command line argument: -Djava.util.logging.manager=org.apache.juli.ClassLoaderLogManager
06-Oct-2022 10:46:13.199 INFO [main] org.apache.catalina.startup.VersionLoggerListener.log Command line argument: -Djdk.tls.ephemeralDHKeySize=2048
06-Oct-2022 10:46:13.200 INFO [main] org.apache.catalina.startup.VersionLoggerListener.log Command line argument: -Djava.protocol.handler.pkgs=org.apache.catalina.webresources
06-Oct-2022 10:46:13.201 INFO [main] org.apache.catalina.startup.VersionLoggerListener.log Command line argument: -Dignore.endorsed.dirs=
06-Oct-2022 10:46:13.201 INFO [main] org.apache.catalina.startup.VersionLoggerListener.log Command line argument: -Dcatalina.base=C:\MPeterson\OneDrive - Universidade de Aveiro\5º Sem\IES\Prático\lab2\lab2_1\apache-tomcat-10.0.26
06-Oct-2022 10:46:13.202 INFO [main] org.apache.catalina.startup.VersionLoggerListener.log Command line argument: -Dcatalina.home=C:\MPeterson\OneDrive - Universidade de Aveiro\5º Sem\IES\Prático\lab2\lab2_1\apache-tomcat-10.0.26
06-Oct-2022 10:46:13.203 INFO [main] org.apache.catalina.startup.VersionLoggerListener.log Command line argument: -Djava.io.tmpdir=C:\MPeterson\OneDrive - Universidade de Aveiro\5º Sem\IES\Prático\lab2\lab2_1\apache-tomcat-10.0.26\temp
06-Oct-2022 10:46:13.219 INFO [main] org.apache.catalina.core.AprLifecycleListener.lifecycleEvent The Apache Tomcat Native library which allows using OpenSSL was not found on the java.library.path: [C:\Program Files\Eclipse Adoptium\jdk-17.0.4.101-hotspot\bin;C:\Windows\Sun\Java\bin;C:\Windows\system32;C:\Windows;C:\Program Files\Eclipse Adoptium\jdk-17.0.4.101-hotspot\bin;C:\Windows\system32;C:\Windows;C:\Windows\System32\Wbem;C:\Windows\System32\WindowsPowerShell\v1.0\;C:\Windows\System32\OpenSSH\;C:\Program Files\NVIDIA Corporation\NVIDIA NvDLISR;C:\Program Files (x86)\NVIDIA Corporation\PhysX\Common;C:\Program Files\Git\cmd;C:\Program Files (x86)\Microsoft SQL Server\150\DTS\Binn\;C:\Program Files\Azure Data Studio\bin;C:\Program Files\Microsoft SQL Server\Client SDK\ODBC\170\Tools\Binn\;C:\Program Files (x86)\Microsoft SQL Server\150\Tools\Binn\;C:\Program Files\Microsoft SQL Server\150\Tools\Binn\;C:\Program Files\Microsoft SQL Server\150\DTS\Binn\;C:\Program Files\dotnet\;C:\ProgramData\chocolatey\bin;C:\Program Files (x86)\NoteBook FanControl\;C:\Program Files\nodejs\;C:\Program Files (x86)\Maven\apache-maven-3.8.6\bin\;;C:\Program Files\Docker\Docker\resources\bin;C:\ProgramData\DockerDesktop\version-bin;C:\Program Files (x86)\dotnet\;C:\Users\Peterson Neves Filho\AppData\Local\Microsoft\WindowsApps;C:\Users\Peterson Neves Filho\AppData\Local\Programs\Microsoft VS Code\bin;C:\MinGW\bin;C:\Users\Peterson Neves Filho\AppData\Local\GitHubDesktop\bin;C:\Program Files\Azure Data Studio\bin;C:\Users\Peterson Neves Filho\.dotnet\tools;C:\Users\Peterson Neves Filho\AppData\Roaming\npm;.]
06-Oct-2022 10:46:13.647 INFO [main] org.apache.coyote.AbstractProtocol.init Initializing ProtocolHandler ["http-nio-8080"]
06-Oct-2022 10:46:13.686 INFO [main] org.apache.catalina.startup.Catalina.load Server initialization in [836] milliseconds
06-Oct-2022 10:46:13.765 SEVERE [main] org.apache.tomcat.util.digester.Digester.fatalError Parse fatal error at line [22] column [14]
	org.xml.sax.SAXParseException; lineNumber: 22; columnNumber: 14; Element type "rolerolename" must be followed by either attribute specifications, ">" or "/>".
		at java.xml/com.sun.org.apache.xerces.internal.util.ErrorHandlerWrapper.createSAXParseException(ErrorHandlerWrapper.java:204)
		at java.xml/com.sun.org.apache.xerces.internal.util.ErrorHandlerWrapper.fatalError(ErrorHandlerWrapper.java:178)
		at java.xml/com.sun.org.apache.xerces.internal.impl.XMLErrorReporter.reportError(XMLErrorReporter.java:400)
		at java.xml/com.sun.org.apache.xerces.internal.impl.XMLErrorReporter.reportError(XMLErrorReporter.java:327)
		at java.xml/com.sun.org.apache.xerces.internal.impl.XMLScanner.reportFatalError(XMLScanner.java:1465)
		at java.xml/com.sun.org.apache.xerces.internal.impl.XMLDocumentFragmentScannerImpl.seekCloseOfStartTag(XMLDocumentFragmentScannerImpl.java:1443)
		at java.xml/com.sun.org.apache.xerces.internal.impl.XMLDocumentFragmentScannerImpl.scanStartElement(XMLDocumentFragmentScannerImpl.java:1357)
		at java.xml/com.sun.org.apache.xerces.internal.impl.XMLDocumentFragmentScannerImpl$FragmentContentDriver.next(XMLDocumentFragmentScannerImpl.java:2726)
		at java.xml/com.sun.org.apache.xerces.internal.impl.XMLDocumentScannerImpl.next(XMLDocumentScannerImpl.java:605)
		at java.xml/com.sun.org.apache.xerces.internal.impl.XMLDocumentFragmentScannerImpl.scanDocument(XMLDocumentFragmentScannerImpl.java:542)
		at java.xml/com.sun.org.apache.xerces.internal.parsers.XML11Configuration.parse(XML11Configuration.java:889)
		at java.xml/com.sun.org.apache.xerces.internal.parsers.XML11Configuration.parse(XML11Configuration.java:825)
		at java.xml/com.sun.org.apache.xerces.internal.parsers.XMLParser.parse(XMLParser.java:141)
		at java.xml/com.sun.org.apache.xerces.internal.parsers.AbstractSAXParser.parse(AbstractSAXParser.java:1224)
		at java.xml/com.sun.org.apache.xerces.internal.jaxp.SAXParserImpl$JAXPSAXParser.parse(SAXParserImpl.java:637)
		at org.apache.tomcat.util.digester.Digester.parse(Digester.java:1539)
		at org.apache.catalina.users.MemoryUserDatabase.open(MemoryUserDatabase.java:447)
		at org.apache.catalina.users.MemoryUserDatabaseFactory.getObjectInstance(MemoryUserDatabaseFactory.java:105)
		at org.apache.naming.factory.FactoryBase.getObjectInstance(FactoryBase.java:96)
		at java.naming/javax.naming.spi.NamingManager.getObjectInstance(NamingManager.java:342)
		at org.apache.naming.NamingContext.lookup(NamingContext.java:864)
		at org.apache.naming.NamingContext.lookup(NamingContext.java:158)
		at org.apache.naming.NamingContextBindingsEnumeration.nextElementInternal(NamingContextBindingsEnumeration.java:115)
		at org.apache.naming.NamingContextBindingsEnumeration.next(NamingContextBindingsEnumeration.java:69)
		at org.apache.naming.NamingContextBindingsEnumeration.next(NamingContextBindingsEnumeration.java:32)
		at org.apache.catalina.mbeans.GlobalResourcesLifecycleListener.createMBeans(GlobalResourcesLifecycleListener.java:133)
		at org.apache.catalina.mbeans.GlobalResourcesLifecycleListener.createMBeans(GlobalResourcesLifecycleListener.java:107)
		at org.apache.catalina.mbeans.GlobalResourcesLifecycleListener.lifecycleEvent(GlobalResourcesLifecycleListener.java:82)
		at org.apache.catalina.util.LifecycleBase.fireLifecycleEvent(LifecycleBase.java:123)
		at org.apache.catalina.util.LifecycleBase.setStateInternal(LifecycleBase.java:423)
		at org.apache.catalina.util.LifecycleBase.setState(LifecycleBase.java:366)
		at org.apache.catalina.core.StandardServer.startInternal(StandardServer.java:923)
		at org.apache.catalina.util.LifecycleBase.start(LifecycleBase.java:183)
		at org.apache.catalina.startup.Catalina.start(Catalina.java:795)
		at java.base/jdk.internal.reflect.NativeMethodAccessorImpl.invoke0(Native Method)
		at java.base/jdk.internal.reflect.NativeMethodAccessorImpl.invoke(NativeMethodAccessorImpl.java:77)
		at java.base/jdk.internal.reflect.DelegatingMethodAccessorImpl.invoke(DelegatingMethodAccessorImpl.java:43)
		at java.base/java.lang.reflect.Method.invoke(Method.java:568)
		at org.apache.catalina.startup.Bootstrap.start(Bootstrap.java:345)
		at org.apache.catalina.startup.Bootstrap.main(Bootstrap.java:476)
06-Oct-2022 10:46:13.770 WARNING [main] org.apache.naming.NamingContext.lookup Unexpected exception resolving reference
	org.xml.sax.SAXParseException; lineNumber: 22; columnNumber: 14; Element type "rolerolename" must be followed by either attribute specifications, ">" or "/>".
		at java.xml/com.sun.org.apache.xerces.internal.parsers.AbstractSAXParser.parse(AbstractSAXParser.java:1251)
		at java.xml/com.sun.org.apache.xerces.internal.jaxp.SAXParserImpl$JAXPSAXParser.parse(SAXParserImpl.java:637)
		at org.apache.tomcat.util.digester.Digester.parse(Digester.java:1539)
		at org.apache.catalina.users.MemoryUserDatabase.open(MemoryUserDatabase.java:447)
		at org.apache.catalina.users.MemoryUserDatabaseFactory.getObjectInstance(MemoryUserDatabaseFactory.java:105)
		at org.apache.naming.factory.FactoryBase.getObjectInstance(FactoryBase.java:96)
		at java.naming/javax.naming.spi.NamingManager.getObjectInstance(NamingManager.java:342)
		at org.apache.naming.NamingContext.lookup(NamingContext.java:864)
		at org.apache.naming.NamingContext.lookup(NamingContext.java:158)
		at org.apache.naming.NamingContextBindingsEnumeration.nextElementInternal(NamingContextBindingsEnumeration.java:115)
		at org.apache.naming.NamingContextBindingsEnumeration.next(NamingContextBindingsEnumeration.java:69)
		at org.apache.naming.NamingContextBindingsEnumeration.next(NamingContextBindingsEnumeration.java:32)
		at org.apache.catalina.mbeans.GlobalResourcesLifecycleListener.createMBeans(GlobalResourcesLifecycleListener.java:133)
		at org.apache.catalina.mbeans.GlobalResourcesLifecycleListener.createMBeans(GlobalResourcesLifecycleListener.java:107)
		at org.apache.catalina.mbeans.GlobalResourcesLifecycleListener.lifecycleEvent(GlobalResourcesLifecycleListener.java:82)
		at org.apache.catalina.util.LifecycleBase.fireLifecycleEvent(LifecycleBase.java:123)
		at org.apache.catalina.util.LifecycleBase.setStateInternal(LifecycleBase.java:423)
		at org.apache.catalina.util.LifecycleBase.setState(LifecycleBase.java:366)
		at org.apache.catalina.core.StandardServer.startInternal(StandardServer.java:923)
		at org.apache.catalina.util.LifecycleBase.start(LifecycleBase.java:183)
		at org.apache.catalina.startup.Catalina.start(Catalina.java:795)
		at java.base/jdk.internal.reflect.NativeMethodAccessorImpl.invoke0(Native Method)
		at java.base/jdk.internal.reflect.NativeMethodAccessorImpl.invoke(NativeMethodAccessorImpl.java:77)
		at java.base/jdk.internal.reflect.DelegatingMethodAccessorImpl.invoke(DelegatingMethodAccessorImpl.java:43)
		at java.base/java.lang.reflect.Method.invoke(Method.java:568)
		at org.apache.catalina.startup.Bootstrap.start(Bootstrap.java:345)
		at org.apache.catalina.startup.Bootstrap.main(Bootstrap.java:476)
06-Oct-2022 10:46:13.776 SEVERE [main] org.apache.catalina.mbeans.GlobalResourcesLifecycleListener.createMBeans Exception processing global JNDI Resources
	javax.naming.NamingException: Unexpected exception resolving reference [Root exception is org.xml.sax.SAXParseException; lineNumber: 22; columnNumber: 14; Element type "rolerolename" must be followed by either attribute specifications, ">" or "/>".]
		at org.apache.naming.NamingContext.lookup(NamingContext.java:892)
		at org.apache.naming.NamingContext.lookup(NamingContext.java:158)
		at org.apache.naming.NamingContextBindingsEnumeration.nextElementInternal(NamingContextBindingsEnumeration.java:115)
		at org.apache.naming.NamingContextBindingsEnumeration.next(NamingContextBindingsEnumeration.java:69)
		at org.apache.naming.NamingContextBindingsEnumeration.next(NamingContextBindingsEnumeration.java:32)
		at org.apache.catalina.mbeans.GlobalResourcesLifecycleListener.createMBeans(GlobalResourcesLifecycleListener.java:133)
		at org.apache.catalina.mbeans.GlobalResourcesLifecycleListener.createMBeans(GlobalResourcesLifecycleListener.java:107)
		at org.apache.catalina.mbeans.GlobalResourcesLifecycleListener.lifecycleEvent(GlobalResourcesLifecycleListener.java:82)
		at org.apache.catalina.util.LifecycleBase.fireLifecycleEvent(LifecycleBase.java:123)
		at org.apache.catalina.util.LifecycleBase.setStateInternal(LifecycleBase.java:423)
		at org.apache.catalina.util.LifecycleBase.setState(LifecycleBase.java:366)
		at org.apache.catalina.core.StandardServer.startInternal(StandardServer.java:923)
		at org.apache.catalina.util.LifecycleBase.start(LifecycleBase.java:183)
		at org.apache.catalina.startup.Catalina.start(Catalina.java:795)
		at java.base/jdk.internal.reflect.NativeMethodAccessorImpl.invoke0(Native Method)
		at java.base/jdk.internal.reflect.NativeMethodAccessorImpl.invoke(NativeMethodAccessorImpl.java:77)
		at java.base/jdk.internal.reflect.DelegatingMethodAccessorImpl.invoke(DelegatingMethodAccessorImpl.java:43)
		at java.base/java.lang.reflect.Method.invoke(Method.java:568)
		at org.apache.catalina.startup.Bootstrap.start(Bootstrap.java:345)
		at org.apache.catalina.startup.Bootstrap.main(Bootstrap.java:476)
	Caused by: org.xml.sax.SAXParseException; lineNumber: 22; columnNumber: 14; Element type "rolerolename" must be followed by either attribute specifications, ">" or "/>".
		at java.xml/com.sun.org.apache.xerces.internal.parsers.AbstractSAXParser.parse(AbstractSAXParser.java:1251)
		at java.xml/com.sun.org.apache.xerces.internal.jaxp.SAXParserImpl$JAXPSAXParser.parse(SAXParserImpl.java:637)
		at org.apache.tomcat.util.digester.Digester.parse(Digester.java:1539)
		at org.apache.catalina.users.MemoryUserDatabase.open(MemoryUserDatabase.java:447)
		at org.apache.catalina.users.MemoryUserDatabaseFactory.getObjectInstance(MemoryUserDatabaseFactory.java:105)
		at org.apache.naming.factory.FactoryBase.getObjectInstance(FactoryBase.java:96)
		at java.naming/javax.naming.spi.NamingManager.getObjectInstance(NamingManager.java:342)
		at org.apache.naming.NamingContext.lookup(NamingContext.java:864)
		... 19 more
06-Oct-2022 10:46:13.779 INFO [main] org.apache.catalina.core.StandardService.startInternal Starting service [Catalina]
06-Oct-2022 10:46:13.781 INFO [main] org.apache.catalina.core.StandardEngine.startInternal Starting Servlet engine: [Apache Tomcat/10.0.26]
06-Oct-2022 10:46:13.789 SEVERE [main] org.apache.tomcat.util.digester.Digester.fatalError Parse fatal error at line [22] column [14]
	org.xml.sax.SAXParseException; lineNumber: 22; columnNumber: 14; Element type "rolerolename" must be followed by either attribute specifications, ">" or "/>".
		at java.xml/com.sun.org.apache.xerces.internal.util.ErrorHandlerWrapper.createSAXParseException(ErrorHandlerWrapper.java:204)
		at java.xml/com.sun.org.apache.xerces.internal.util.ErrorHandlerWrapper.fatalError(ErrorHandlerWrapper.java:178)
		at java.xml/com.sun.org.apache.xerces.internal.impl.XMLErrorReporter.reportError(XMLErrorReporter.java:400)
		at java.xml/com.sun.org.apache.xerces.internal.impl.XMLErrorReporter.reportError(XMLErrorReporter.java:327)
		at java.xml/com.sun.org.apache.xerces.internal.impl.XMLScanner.reportFatalError(XMLScanner.java:1465)
		at java.xml/com.sun.org.apache.xerces.internal.impl.XMLDocumentFragmentScannerImpl.seekCloseOfStartTag(XMLDocumentFragmentScannerImpl.java:1443)
		at java.xml/com.sun.org.apache.xerces.internal.impl.XMLDocumentFragmentScannerImpl.scanStartElement(XMLDocumentFragmentScannerImpl.java:1357)
		at java.xml/com.sun.org.apache.xerces.internal.impl.XMLDocumentFragmentScannerImpl$FragmentContentDriver.next(XMLDocumentFragmentScannerImpl.java:2726)
		at java.xml/com.sun.org.apache.xerces.internal.impl.XMLDocumentScannerImpl.next(XMLDocumentScannerImpl.java:605)
		at java.xml/com.sun.org.apache.xerces.internal.impl.XMLDocumentFragmentScannerImpl.scanDocument(XMLDocumentFragmentScannerImpl.java:542)
		at java.xml/com.sun.org.apache.xerces.internal.parsers.XML11Configuration.parse(XML11Configuration.java:889)
		at java.xml/com.sun.org.apache.xerces.internal.parsers.XML11Configuration.parse(XML11Configuration.java:825)
		at java.xml/com.sun.org.apache.xerces.internal.parsers.XMLParser.parse(XMLParser.java:141)
		at java.xml/com.sun.org.apache.xerces.internal.parsers.AbstractSAXParser.parse(AbstractSAXParser.java:1224)
		at java.xml/com.sun.org.apache.xerces.internal.jaxp.SAXParserImpl$JAXPSAXParser.parse(SAXParserImpl.java:637)
		at org.apache.tomcat.util.digester.Digester.parse(Digester.java:1539)
		at org.apache.catalina.users.MemoryUserDatabase.open(MemoryUserDatabase.java:447)
		at org.apache.catalina.users.MemoryUserDatabaseFactory.getObjectInstance(MemoryUserDatabaseFactory.java:105)
		at org.apache.naming.factory.FactoryBase.getObjectInstance(FactoryBase.java:96)
		at java.naming/javax.naming.spi.NamingManager.getObjectInstance(NamingManager.java:342)
		at org.apache.naming.NamingContext.lookup(NamingContext.java:864)
		at org.apache.naming.NamingContext.lookup(NamingContext.java:172)
		at org.apache.catalina.realm.UserDatabaseRealm.getUserDatabase(UserDatabaseRealm.java:230)
		at org.apache.catalina.realm.UserDatabaseRealm.startInternal(UserDatabaseRealm.java:253)
		at org.apache.catalina.util.LifecycleBase.start(LifecycleBase.java:183)
		at org.apache.catalina.realm.CombinedRealm.startInternal(CombinedRealm.java:247)
		at org.apache.catalina.realm.LockOutRealm.startInternal(LockOutRealm.java:115)
		at org.apache.catalina.util.LifecycleBase.start(LifecycleBase.java:183)
		at org.apache.catalina.core.ContainerBase.startInternal(ContainerBase.java:912)
		at org.apache.catalina.core.StandardEngine.startInternal(StandardEngine.java:265)
		at org.apache.catalina.util.LifecycleBase.start(LifecycleBase.java:183)
		at org.apache.catalina.core.StandardService.startInternal(StandardService.java:432)
		at org.apache.catalina.util.LifecycleBase.start(LifecycleBase.java:183)
		at org.apache.catalina.core.StandardServer.startInternal(StandardServer.java:930)
		at org.apache.catalina.util.LifecycleBase.start(LifecycleBase.java:183)
		at org.apache.catalina.startup.Catalina.start(Catalina.java:795)
		at java.base/jdk.internal.reflect.NativeMethodAccessorImpl.invoke0(Native Method)
		at java.base/jdk.internal.reflect.NativeMethodAccessorImpl.invoke(NativeMethodAccessorImpl.java:77)
		at java.base/jdk.internal.reflect.DelegatingMethodAccessorImpl.invoke(DelegatingMethodAccessorImpl.java:43)
		at java.base/java.lang.reflect.Method.invoke(Method.java:568)
		at org.apache.catalina.startup.Bootstrap.start(Bootstrap.java:345)
		at org.apache.catalina.startup.Bootstrap.main(Bootstrap.java:476)
06-Oct-2022 10:46:13.793 WARNING [main] org.apache.naming.NamingContext.lookup Unexpected exception resolving reference
	org.xml.sax.SAXParseException; lineNumber: 22; columnNumber: 14; Element type "rolerolename" must be followed by either attribute specifications, ">" or "/>".
		at java.xml/com.sun.org.apache.xerces.internal.parsers.AbstractSAXParser.parse(AbstractSAXParser.java:1251)
		at java.xml/com.sun.org.apache.xerces.internal.jaxp.SAXParserImpl$JAXPSAXParser.parse(SAXParserImpl.java:637)
		at org.apache.tomcat.util.digester.Digester.parse(Digester.java:1539)
		at org.apache.catalina.users.MemoryUserDatabase.open(MemoryUserDatabase.java:447)
		at org.apache.catalina.users.MemoryUserDatabaseFactory.getObjectInstance(MemoryUserDatabaseFactory.java:105)
		at org.apache.naming.factory.FactoryBase.getObjectInstance(FactoryBase.java:96)
		at java.naming/javax.naming.spi.NamingManager.getObjectInstance(NamingManager.java:342)
		at org.apache.naming.NamingContext.lookup(NamingContext.java:864)
		at org.apache.naming.NamingContext.lookup(NamingContext.java:172)
		at org.apache.catalina.realm.UserDatabaseRealm.getUserDatabase(UserDatabaseRealm.java:230)
		at org.apache.catalina.realm.UserDatabaseRealm.startInternal(UserDatabaseRealm.java:253)
		at org.apache.catalina.util.LifecycleBase.start(LifecycleBase.java:183)
		at org.apache.catalina.realm.CombinedRealm.startInternal(CombinedRealm.java:247)
		at org.apache.catalina.realm.LockOutRealm.startInternal(LockOutRealm.java:115)
		at org.apache.catalina.util.LifecycleBase.start(LifecycleBase.java:183)
		at org.apache.catalina.core.ContainerBase.startInternal(ContainerBase.java:912)
		at org.apache.catalina.core.StandardEngine.startInternal(StandardEngine.java:265)
		at org.apache.catalina.util.LifecycleBase.start(LifecycleBase.java:183)
		at org.apache.catalina.core.StandardService.startInternal(StandardService.java:432)
		at org.apache.catalina.util.LifecycleBase.start(LifecycleBase.java:183)
		at org.apache.catalina.core.StandardServer.startInternal(StandardServer.java:930)
		at org.apache.catalina.util.LifecycleBase.start(LifecycleBase.java:183)
		at org.apache.catalina.startup.Catalina.start(Catalina.java:795)
		at java.base/jdk.internal.reflect.NativeMethodAccessorImpl.invoke0(Native Method)
		at java.base/jdk.internal.reflect.NativeMethodAccessorImpl.invoke(NativeMethodAccessorImpl.java:77)
		at java.base/jdk.internal.reflect.DelegatingMethodAccessorImpl.invoke(DelegatingMethodAccessorImpl.java:43)
		at java.base/java.lang.reflect.Method.invoke(Method.java:568)
		at org.apache.catalina.startup.Bootstrap.start(Bootstrap.java:345)
		at org.apache.catalina.startup.Bootstrap.main(Bootstrap.java:476)
06-Oct-2022 10:46:13.799 SEVERE [main] org.apache.catalina.realm.UserDatabaseRealm.getUserDatabase Exception looking up UserDatabase under key [UserDatabase]
	javax.naming.NamingException: Unexpected exception resolving reference [Root exception is org.xml.sax.SAXParseException; lineNumber: 22; columnNumber: 14; Element type "rolerolename" must be followed by either attribute specifications, ">" or "/>".]
		at org.apache.naming.NamingContext.lookup(NamingContext.java:892)
		at org.apache.naming.NamingContext.lookup(NamingContext.java:172)
		at org.apache.catalina.realm.UserDatabaseRealm.getUserDatabase(UserDatabaseRealm.java:230)
		at org.apache.catalina.realm.UserDatabaseRealm.startInternal(UserDatabaseRealm.java:253)
		at org.apache.catalina.util.LifecycleBase.start(LifecycleBase.java:183)
		at org.apache.catalina.realm.CombinedRealm.startInternal(CombinedRealm.java:247)
		at org.apache.catalina.realm.LockOutRealm.startInternal(LockOutRealm.java:115)
		at org.apache.catalina.util.LifecycleBase.start(LifecycleBase.java:183)
		at org.apache.catalina.core.ContainerBase.startInternal(ContainerBase.java:912)
		at org.apache.catalina.core.StandardEngine.startInternal(StandardEngine.java:265)
		at org.apache.catalina.util.LifecycleBase.start(LifecycleBase.java:183)
		at org.apache.catalina.core.StandardService.startInternal(StandardService.java:432)
		at org.apache.catalina.util.LifecycleBase.start(LifecycleBase.java:183)
		at org.apache.catalina.core.StandardServer.startInternal(StandardServer.java:930)
		at org.apache.catalina.util.LifecycleBase.start(LifecycleBase.java:183)
		at org.apache.catalina.startup.Catalina.start(Catalina.java:795)
		at java.base/jdk.internal.reflect.NativeMethodAccessorImpl.invoke0(Native Method)
		at java.base/jdk.internal.reflect.NativeMethodAccessorImpl.invoke(NativeMethodAccessorImpl.java:77)
		at java.base/jdk.internal.reflect.DelegatingMethodAccessorImpl.invoke(DelegatingMethodAccessorImpl.java:43)
		at java.base/java.lang.reflect.Method.invoke(Method.java:568)
		at org.apache.catalina.startup.Bootstrap.start(Bootstrap.java:345)
		at org.apache.catalina.startup.Bootstrap.main(Bootstrap.java:476)
	Caused by: org.xml.sax.SAXParseException; lineNumber: 22; columnNumber: 14; Element type "rolerolename" must be followed by either attribute specifications, ">" or "/>".
		at java.xml/com.sun.org.apache.xerces.internal.parsers.AbstractSAXParser.parse(AbstractSAXParser.java:1251)
		at java.xml/com.sun.org.apache.xerces.internal.jaxp.SAXParserImpl$JAXPSAXParser.parse(SAXParserImpl.java:637)
		at org.apache.tomcat.util.digester.Digester.parse(Digester.java:1539)
		at org.apache.catalina.users.MemoryUserDatabase.open(MemoryUserDatabase.java:447)
		at org.apache.catalina.users.MemoryUserDatabaseFactory.getObjectInstance(MemoryUserDatabaseFactory.java:105)
		at org.apache.naming.factory.FactoryBase.getObjectInstance(FactoryBase.java:96)
		at java.naming/javax.naming.spi.NamingManager.getObjectInstance(NamingManager.java:342)
		at org.apache.naming.NamingContext.lookup(NamingContext.java:864)
		... 21 more
06-Oct-2022 10:46:13.803 SEVERE [main] org.apache.catalina.realm.CombinedRealm.startInternal Failed to start [org.apache.catalina.realm.UserDatabaseRealm] realm
	org.apache.catalina.LifecycleException: No UserDatabase component found under key [UserDatabase]
		at org.apache.catalina.realm.UserDatabaseRealm.startInternal(UserDatabaseRealm.java:255)
		at org.apache.catalina.util.LifecycleBase.start(LifecycleBase.java:183)
		at org.apache.catalina.realm.CombinedRealm.startInternal(CombinedRealm.java:247)
		at org.apache.catalina.realm.LockOutRealm.startInternal(LockOutRealm.java:115)
		at org.apache.catalina.util.LifecycleBase.start(LifecycleBase.java:183)
		at org.apache.catalina.core.ContainerBase.startInternal(ContainerBase.java:912)
		at org.apache.catalina.core.StandardEngine.startInternal(StandardEngine.java:265)
		at org.apache.catalina.util.LifecycleBase.start(LifecycleBase.java:183)
		at org.apache.catalina.core.StandardService.startInternal(StandardService.java:432)
		at org.apache.catalina.util.LifecycleBase.start(LifecycleBase.java:183)
		at org.apache.catalina.core.StandardServer.startInternal(StandardServer.java:930)
		at org.apache.catalina.util.LifecycleBase.start(LifecycleBase.java:183)
		at org.apache.catalina.startup.Catalina.start(Catalina.java:795)
		at java.base/jdk.internal.reflect.NativeMethodAccessorImpl.invoke0(Native Method)
		at java.base/jdk.internal.reflect.NativeMethodAccessorImpl.invoke(NativeMethodAccessorImpl.java:77)
		at java.base/jdk.internal.reflect.DelegatingMethodAccessorImpl.invoke(DelegatingMethodAccessorImpl.java:43)
		at java.base/java.lang.reflect.Method.invoke(Method.java:568)
		at org.apache.catalina.startup.Bootstrap.start(Bootstrap.java:345)
		at org.apache.catalina.startup.Bootstrap.main(Bootstrap.java:476)
06-Oct-2022 10:46:13.818 INFO [main] org.apache.catalina.startup.HostConfig.deployDirectory Deploying web application directory [C:\MPeterson\OneDrive - Universidade de Aveiro\5º Sem\IES\Prático\lab2\lab2_1\apache-tomcat-10.0.26\webapps\docs]
06-Oct-2022 10:46:14.367 INFO [main] org.apache.catalina.startup.HostConfig.deployDirectory Deployment of web application directory [C:\MPeterson\OneDrive - Universidade de Aveiro\5º Sem\IES\Prático\lab2\lab2_1\apache-tomcat-10.0.26\webapps\docs] has finished in [549] ms
06-Oct-2022 10:46:14.375 INFO [main] org.apache.catalina.startup.HostConfig.deployDirectory Deploying web application directory [C:\MPeterson\OneDrive - Universidade de Aveiro\5º Sem\IES\Prático\lab2\lab2_1\apache-tomcat-10.0.26\webapps\examples]
06-Oct-2022 10:46:15.298 INFO [main] org.apache.catalina.startup.HostConfig.deployDirectory Deployment of web application directory [C:\MPeterson\OneDrive - Universidade de Aveiro\5º Sem\IES\Prático\lab2\lab2_1\apache-tomcat-10.0.26\webapps\examples] has finished in [923] ms
06-Oct-2022 10:46:15.299 INFO [main] org.apache.catalina.startup.HostConfig.deployDirectory Deploying web application directory [C:\MPeterson\OneDrive - Universidade de Aveiro\5º Sem\IES\Prático\lab2\lab2_1\apache-tomcat-10.0.26\webapps\host-manager]
06-Oct-2022 10:46:15.378 INFO [main] org.apache.catalina.startup.HostConfig.deployDirectory Deployment of web application directory [C:\MPeterson\OneDrive - Universidade de Aveiro\5º Sem\IES\Prático\lab2\lab2_1\apache-tomcat-10.0.26\webapps\host-manager] has finished in [79] ms
06-Oct-2022 10:46:15.379 INFO [main] org.apache.catalina.startup.HostConfig.deployDirectory Deploying web application directory [C:\MPeterson\OneDrive - Universidade de Aveiro\5º Sem\IES\Prático\lab2\lab2_1\apache-tomcat-10.0.26\webapps\manager]
06-Oct-2022 10:46:15.457 INFO [main] org.apache.catalina.startup.HostConfig.deployDirectory Deployment of web application directory [C:\MPeterson\OneDrive - Universidade de Aveiro\5º Sem\IES\Prático\lab2\lab2_1\apache-tomcat-10.0.26\webapps\manager] has finished in [78] ms
06-Oct-2022 10:46:15.458 INFO [main] org.apache.catalina.startup.HostConfig.deployDirectory Deploying web application directory [C:\MPeterson\OneDrive - Universidade de Aveiro\5º Sem\IES\Prático\lab2\lab2_1\apache-tomcat-10.0.26\webapps\ROOT]
06-Oct-2022 10:46:15.502 INFO [main] org.apache.catalina.startup.HostConfig.deployDirectory Deployment of web application directory [C:\MPeterson\OneDrive - Universidade de Aveiro\5º Sem\IES\Prático\lab2\lab2_1\apache-tomcat-10.0.26\webapps\ROOT] has finished in [44] ms
06-Oct-2022 10:46:15.509 INFO [main] org.apache.coyote.AbstractProtocol.start Starting ProtocolHandler ["http-nio-8080"]
06-Oct-2022 10:46:15.589 INFO [main] org.apache.catalina.startup.Catalina.start Server startup in [1902] milliseconds
06-Oct-2022 10:49:51.441 INFO [main] org.apache.catalina.startup.VersionLoggerListener.log Server version name:   Apache Tomcat/10.0.26
06-Oct-2022 10:49:51.448 INFO [main] org.apache.catalina.startup.VersionLoggerListener.log Server built:          Sep 23 2022 10:25:44 UTC
06-Oct-2022 10:49:51.448 INFO [main] org.apache.catalina.startup.VersionLoggerListener.log Server version number: 10.0.26.0
06-Oct-2022 10:49:51.449 INFO [main] org.apache.catalina.startup.VersionLoggerListener.log OS Name:               Windows 10
06-Oct-2022 10:49:51.449 INFO [main] org.apache.catalina.startup.VersionLoggerListener.log OS Version:            10.0
06-Oct-2022 10:49:51.449 INFO [main] org.apache.catalina.startup.VersionLoggerListener.log Architecture:          amd64
06-Oct-2022 10:49:51.450 INFO [main] org.apache.catalina.startup.VersionLoggerListener.log Java Home:             C:\Program Files\Eclipse Adoptium\jdk-17.0.4.101-hotspot
06-Oct-2022 10:49:51.450 INFO [main] org.apache.catalina.startup.VersionLoggerListener.log JVM Version:           17.0.4.1+1
06-Oct-2022 10:49:51.450 INFO [main] org.apache.catalina.startup.VersionLoggerListener.log JVM Vendor:            Eclipse Adoptium
06-Oct-2022 10:49:51.451 INFO [main] org.apache.catalina.startup.VersionLoggerListener.log CATALINA_BASE:         C:\MPeterson\OneDrive - Universidade de Aveiro\5º Sem\IES\Prático\lab2\lab2_1\apache-tomcat-10.0.26
06-Oct-2022 10:49:51.451 INFO [main] org.apache.catalina.startup.VersionLoggerListener.log CATALINA_HOME:         C:\MPeterson\OneDrive - Universidade de Aveiro\5º Sem\IES\Prático\lab2\lab2_1\apache-tomcat-10.0.26
06-Oct-2022 10:49:51.469 INFO [main] org.apache.catalina.startup.VersionLoggerListener.log Command line argument: --add-opens=java.base/java.lang=ALL-UNNAMED
06-Oct-2022 10:49:51.469 INFO [main] org.apache.catalina.startup.VersionLoggerListener.log Command line argument: --add-opens=java.base/java.io=ALL-UNNAMED
06-Oct-2022 10:49:51.470 INFO [main] org.apache.catalina.startup.VersionLoggerListener.log Command line argument: --add-opens=java.base/java.util=ALL-UNNAMED
06-Oct-2022 10:49:51.470 INFO [main] org.apache.catalina.startup.VersionLoggerListener.log Command line argument: --add-opens=java.base/java.util.concurrent=ALL-UNNAMED
06-Oct-2022 10:49:51.470 INFO [main] org.apache.catalina.startup.VersionLoggerListener.log Command line argument: --add-opens=java.rmi/sun.rmi.transport=ALL-UNNAMED
06-Oct-2022 10:49:51.471 INFO [main] org.apache.catalina.startup.VersionLoggerListener.log Command line argument: -Djava.util.logging.config.file=C:\MPeterson\OneDrive - Universidade de Aveiro\5º Sem\IES\Prático\lab2\lab2_1\apache-tomcat-10.0.26\conf\logging.properties
06-Oct-2022 10:49:51.472 INFO [main] org.apache.catalina.startup.VersionLoggerListener.log Command line argument: -Djava.util.logging.manager=org.apache.juli.ClassLoaderLogManager
06-Oct-2022 10:49:51.473 INFO [main] org.apache.catalina.startup.VersionLoggerListener.log Command line argument: -Djdk.tls.ephemeralDHKeySize=2048
06-Oct-2022 10:49:51.476 INFO [main] org.apache.catalina.startup.VersionLoggerListener.log Command line argument: -Djava.protocol.handler.pkgs=org.apache.catalina.webresources
06-Oct-2022 10:49:51.477 INFO [main] org.apache.catalina.startup.VersionLoggerListener.log Command line argument: -Dignore.endorsed.dirs=
06-Oct-2022 10:49:51.478 INFO [main] org.apache.catalina.startup.VersionLoggerListener.log Command line argument: -Dcatalina.base=C:\MPeterson\OneDrive - Universidade de Aveiro\5º Sem\IES\Prático\lab2\lab2_1\apache-tomcat-10.0.26
06-Oct-2022 10:49:51.479 INFO [main] org.apache.catalina.startup.VersionLoggerListener.log Command line argument: -Dcatalina.home=C:\MPeterson\OneDrive - Universidade de Aveiro\5º Sem\IES\Prático\lab2\lab2_1\apache-tomcat-10.0.26
06-Oct-2022 10:49:51.479 INFO [main] org.apache.catalina.startup.VersionLoggerListener.log Command line argument: -Djava.io.tmpdir=C:\MPeterson\OneDrive - Universidade de Aveiro\5º Sem\IES\Prático\lab2\lab2_1\apache-tomcat-10.0.26\temp
06-Oct-2022 10:49:51.494 INFO [main] org.apache.catalina.core.AprLifecycleListener.lifecycleEvent The Apache Tomcat Native library which allows using OpenSSL was not found on the java.library.path: [C:\Program Files\Eclipse Adoptium\jdk-17.0.4.101-hotspot\bin;C:\Windows\Sun\Java\bin;C:\Windows\system32;C:\Windows;C:\Program Files\Eclipse Adoptium\jdk-17.0.4.101-hotspot\bin;C:\Windows\system32;C:\Windows;C:\Windows\System32\Wbem;C:\Windows\System32\WindowsPowerShell\v1.0\;C:\Windows\System32\OpenSSH\;C:\Program Files\NVIDIA Corporation\NVIDIA NvDLISR;C:\Program Files (x86)\NVIDIA Corporation\PhysX\Common;C:\Program Files\Git\cmd;C:\Program Files (x86)\Microsoft SQL Server\150\DTS\Binn\;C:\Program Files\Azure Data Studio\bin;C:\Program Files\Microsoft SQL Server\Client SDK\ODBC\170\Tools\Binn\;C:\Program Files (x86)\Microsoft SQL Server\150\Tools\Binn\;C:\Program Files\Microsoft SQL Server\150\Tools\Binn\;C:\Program Files\Microsoft SQL Server\150\DTS\Binn\;C:\Program Files\dotnet\;C:\ProgramData\chocolatey\bin;C:\Program Files (x86)\NoteBook FanControl\;C:\Program Files\nodejs\;C:\Program Files (x86)\Maven\apache-maven-3.8.6\bin\;;C:\Program Files\Docker\Docker\resources\bin;C:\ProgramData\DockerDesktop\version-bin;C:\Program Files (x86)\dotnet\;C:\Users\Peterson Neves Filho\AppData\Local\Microsoft\WindowsApps;C:\Users\Peterson Neves Filho\AppData\Local\Programs\Microsoft VS Code\bin;C:\MinGW\bin;C:\Users\Peterson Neves Filho\AppData\Local\GitHubDesktop\bin;C:\Program Files\Azure Data Studio\bin;C:\Users\Peterson Neves Filho\.dotnet\tools;C:\Users\Peterson Neves Filho\AppData\Roaming\npm;.]
06-Oct-2022 10:49:51.916 INFO [main] org.apache.coyote.AbstractProtocol.init Initializing ProtocolHandler ["http-nio-8080"]
06-Oct-2022 10:49:51.955 INFO [main] org.apache.catalina.startup.Catalina.load Server initialization in [818] milliseconds
06-Oct-2022 10:49:52.029 INFO [main] org.apache.catalina.core.StandardService.startInternal Starting service [Catalina]
06-Oct-2022 10:49:52.030 INFO [main] org.apache.catalina.core.StandardEngine.startInternal Starting Servlet engine: [Apache Tomcat/10.0.26]
06-Oct-2022 10:49:52.047 INFO [main] org.apache.catalina.startup.HostConfig.deployDirectory Deploying web application directory [C:\MPeterson\OneDrive - Universidade de Aveiro\5º Sem\IES\Prático\lab2\lab2_1\apache-tomcat-10.0.26\webapps\docs]
06-Oct-2022 10:49:52.571 INFO [main] org.apache.catalina.startup.HostConfig.deployDirectory Deployment of web application directory [C:\MPeterson\OneDrive - Universidade de Aveiro\5º Sem\IES\Prático\lab2\lab2_1\apache-tomcat-10.0.26\webapps\docs] has finished in [524] ms
06-Oct-2022 10:49:52.572 INFO [main] org.apache.catalina.startup.HostConfig.deployDirectory Deploying web application directory [C:\MPeterson\OneDrive - Universidade de Aveiro\5º Sem\IES\Prático\lab2\lab2_1\apache-tomcat-10.0.26\webapps\examples]
06-Oct-2022 10:49:53.401 INFO [main] org.apache.catalina.startup.HostConfig.deployDirectory Deployment of web application directory [C:\MPeterson\OneDrive - Universidade de Aveiro\5º Sem\IES\Prático\lab2\lab2_1\apache-tomcat-10.0.26\webapps\examples] has finished in [828] ms
06-Oct-2022 10:49:53.402 INFO [main] org.apache.catalina.startup.HostConfig.deployDirectory Deploying web application directory [C:\MPeterson\OneDrive - Universidade de Aveiro\5º Sem\IES\Prático\lab2\lab2_1\apache-tomcat-10.0.26\webapps\host-manager]
06-Oct-2022 10:49:53.484 INFO [main] org.apache.catalina.startup.HostConfig.deployDirectory Deployment of web application directory [C:\MPeterson\OneDrive - Universidade de Aveiro\5º Sem\IES\Prático\lab2\lab2_1\apache-tomcat-10.0.26\webapps\host-manager] has finished in [81] ms
06-Oct-2022 10:49:53.485 INFO [main] org.apache.catalina.startup.HostConfig.deployDirectory Deploying web application directory [C:\MPeterson\OneDrive - Universidade de Aveiro\5º Sem\IES\Prático\lab2\lab2_1\apache-tomcat-10.0.26\webapps\manager]
06-Oct-2022 10:49:53.567 INFO [main] org.apache.catalina.startup.HostConfig.deployDirectory Deployment of web application directory [C:\MPeterson\OneDrive - Universidade de Aveiro\5º Sem\IES\Prático\lab2\lab2_1\apache-tomcat-10.0.26\webapps\manager] has finished in [81] ms
06-Oct-2022 10:49:53.568 INFO [main] org.apache.catalina.startup.HostConfig.deployDirectory Deploying web application directory [C:\MPeterson\OneDrive - Universidade de Aveiro\5º Sem\IES\Prático\lab2\lab2_1\apache-tomcat-10.0.26\webapps\ROOT]
06-Oct-2022 10:49:53.624 INFO [main] org.apache.catalina.startup.HostConfig.deployDirectory Deployment of web application directory [C:\MPeterson\OneDrive - Universidade de Aveiro\5º Sem\IES\Prático\lab2\lab2_1\apache-tomcat-10.0.26\webapps\ROOT] has finished in [56] ms
06-Oct-2022 10:49:53.629 INFO [main] org.apache.coyote.AbstractProtocol.start Starting ProtocolHandler ["http-nio-8080"]
06-Oct-2022 10:49:53.715 INFO [main] org.apache.catalina.startup.Catalina.start Server startup in [1758] milliseconds
06-Oct-2022 10:50:29.129 INFO [http-nio-8080-exec-3] org.apache.catalina.startup.HostConfig.undeploy Undeploying context []
